# JRE version: OpenJDK Runtime Environment Temurin-21.0.10+7 (21.0.10+7) (build 21.0.10+7-LTS)
# Java VM: OpenJDK 64-Bit Server VM Temurin-21.0.10+7 (21.0.10+7-LTS, mixed mode, sharing, tiered, compressed oops, compressed class ptrs, parallel gc, windows-amd64)
GC Precious Log:
 CardTable entry size: 512
 CPUs: 8 total, 8 available
 Memory: 16339M
 Large Page Support: Disabled
 NUMA Support: Disabled
 Compressed Oops: Enabled (32-bit)
 Alignments: Space 512K, Generation 512K, Heap 2M
 Heap Min Capacity: 100M
 Heap Initial Capacity: 100M
 Heap Max Capacity: 2G
 Pre-touch: Disabled
 Parallel Workers: 8
Heap:
 PSYoungGen      total 5632K, used 4232K [0x00000000d5580000, 0x00000000d5c80000, 0x0000000100000000)
  eden space 4096K, 90% used [0x00000000d5580000,0x00000000d591f828,0x00000000d5980000)
  from space 1536K, 34% used [0x00000000d5980000,0x00000000d5a02910,0x00000000d5b00000)
  to   space 1024K, 0% used [0x00000000d5b80000,0x00000000d5b80000,0x00000000d5c80000)
 ParOldGen       total 1260032K, used 1259866K [0x0000000080000000, 0x00000000cce80000, 0x00000000d5580000)
  object space 1260032K, 99% used [0x0000000080000000,0x00000000cce56980,0x00000000cce80000)
 Metaspace       used 107375K, committed 109312K, reserved 1179648K
  class space    used 10462K, committed 11392K, reserved 1048576K
GC Heap History (20 events):
Event: 14668.476 GC heap before
{Heap before GC invocations=12022 (full 13):
 PSYoungGen      total 4096K, used 3898K [0x00000000d5580000, 0x00000000d5c80000, 0x0000000100000000)
  eden space 2560K, 100% used [0x00000000d5580000,0x00000000d5800000,0x00000000d5800000)
  from space 1536K, 87% used [0x00000000d5800000,0x00000000d594e9c0,0x00000000d5980000)
  to   space 2048K, 0% used [0x00000000d5a80000,0x00000000d5a80000,0x00000000d5c80000)
 ParOldGen       total 1249280K, used 1248203K [0x0000000080000000, 0x00000000cc400000, 0x00000000d5580000)
  object space 1249280K, 99% used [0x0000000080000000,0x00000000cc2f2f58,0x00000000cc400000)
 Metaspace       used 107375K, committed 109312K, reserved 1179648K
  class space    used 10462K, committed 11392K, reserved 1048576K
}
Event: 14668.481 GC heap after
{Heap after GC invocations=12022 (full 13):
 PSYoungGen      total 2560K, used 2042K [0x00000000d5580000, 0x00000000d6180000, 0x0000000100000000)
  eden space 512K, 0% used [0x00000000d5580000,0x00000000d5580000,0x00000000d5600000)
  from space 2048K, 99% used [0x00000000d5a80000,0x00000000d5c7e9c0,0x00000000d5c80000)
  to   space 4608K, 0% used [0x00000000d5600000,0x00000000d5600000,0x00000000d5a80000)
 ParOldGen       total 1250304K, used 1249846K [0x0000000080000000, 0x00000000cc500000, 0x00000000d5580000)
  object space 1250304K, 99% used [0x0000000080000000,0x00000000cc48d918,0x00000000cc500000)
 Metaspace       used 107375K, committed 109312K, reserved 1179648K
  class space    used 10462K, committed 11392K, reserved 1048576K
}
Event: 14668.482 GC heap before
{Heap before GC invocations=12023 (full 13):
 PSYoungGen      total 2560K, used 2554K [0x00000000d5580000, 0x00000000d6180000, 0x0000000100000000)
  eden space 512K, 100% used [0x00000000d5580000,0x00000000d5600000,0x00000000d5600000)
  from space 2048K, 99% used [0x00000000d5a80000,0x00000000d5c7e9c0,0x00000000d5c80000)
  to   space 4608K, 0% used [0x00000000d5600000,0x00000000d5600000,0x00000000d5a80000)
 ParOldGen       total 1250304K, used 1249846K [0x0000000080000000, 0x00000000cc500000, 0x00000000d5580000)
  object space 1250304K, 99% used [0x0000000080000000,0x00000000cc48d918,0x00000000cc500000)
 Metaspace       used 107375K, committed 109312K, reserved 1179648K
  class space    used 10462K, committed 11392K, reserved 1048576K
}
Event: 14668.487 GC heap after
{Heap after GC invocations=12023 (full 13):
 PSYoungGen      total 1536K, used 576K [0x00000000d5580000, 0x00000000d5b00000, 0x0000000100000000)
  eden space 512K, 0% used [0x00000000d5580000,0x00000000d5580000,0x00000000d5600000)
  from space 1024K, 56% used [0x00000000d5600000,0x00000000d5690000,0x00000000d5700000)
  to   space 2048K, 0% used [0x00000000d5900000,0x00000000d5900000,0x00000000d5b00000)
 ParOldGen       total 1252352K, used 1251928K [0x0000000080000000, 0x00000000cc700000, 0x00000000d5580000)
  object space 1252352K, 99% used [0x0000000080000000,0x00000000cc6962d8,0x00000000cc700000)
 Metaspace       used 107375K, committed 109312K, reserved 1179648K
  class space    used 10462K, committed 11392K, reserved 1048576K
}
Event: 14668.489 GC heap before
{Heap before GC invocations=12024 (full 13):
 PSYoungGen      total 1536K, used 1088K [0x00000000d5580000, 0x00000000d5b00000, 0x0000000100000000)
  eden space 512K, 100% used [0x00000000d5580000,0x00000000d5600000,0x00000000d5600000)
  from space 1024K, 56% used [0x00000000d5600000,0x00000000d5690000,0x00000000d5700000)
  to   space 2048K, 0% used [0x00000000d5900000,0x00000000d5900000,0x00000000d5b00000)
 ParOldGen       total 1252352K, used 1251928K [0x0000000080000000, 0x00000000cc700000, 0x00000000d5580000)
  object space 1252352K, 99% used [0x0000000080000000,0x00000000cc6962d8,0x00000000cc700000)
 Metaspace       used 107375K, committed 109312K, reserved 1179648K
  class space    used 10462K, committed 11392K, reserved 1048576K
}
Event: 14668.492 GC heap after
{Heap after GC invocations=12024 (full 13):
 PSYoungGen      total 2048K, used 576K [0x00000000d5580000, 0x00000000d5a00000, 0x0000000100000000)
  eden space 1024K, 0% used [0x00000000d5580000,0x00000000d5580000,0x00000000d5680000)
  from space 1024K, 56% used [0x00000000d5900000,0x00000000d5990000,0x00000000d5a00000)
  to   space 1024K, 0% used [0x00000000d5800000,0x00000000d5800000,0x00000000d5900000)
 ParOldGen       total 1252864K, used 1252392K [0x0000000080000000, 0x00000000cc780000, 0x00000000d5580000)
  object space 1252864K, 99% used [0x0000000080000000,0x00000000cc70a2d8,0x00000000cc780000)
 Metaspace       used 107375K, committed 109312K, reserved 1179648K
  class space    used 10462K, committed 11392K, reserved 1048576K
}
Event: 14668.495 GC heap before
{Heap before GC invocations=12025 (full 13):
 PSYoungGen      total 2048K, used 1600K [0x00000000d5580000, 0x00000000d5a00000, 0x0000000100000000)
  eden space 1024K, 100% used [0x00000000d5580000,0x00000000d5680000,0x00000000d5680000)
  from space 1024K, 56% used [0x00000000d5900000,0x00000000d5990000,0x00000000d5a00000)
  to   space 1024K, 0% used [0x00000000d5800000,0x00000000d5800000,0x00000000d5900000)
 ParOldGen       total 1252864K, used 1252392K [0x0000000080000000, 0x00000000cc780000, 0x00000000d5580000)
  object space 1252864K, 99% used [0x0000000080000000,0x00000000cc70a2d8,0x00000000cc780000)
 Metaspace       used 107375K, committed 109312K, reserved 1179648K
  class space    used 10462K, committed 11392K, reserved 1048576K
}
Event: 14668.498 GC heap after
{Heap after GC invocations=12025 (full 13):
 PSYoungGen      total 2560K, used 1024K [0x00000000d5580000, 0x00000000d5b00000, 0x0000000100000000)
  eden space 1536K, 0% used [0x00000000d5580000,0x00000000d5580000,0x00000000d5700000)
  from space 1024K, 100% used [0x00000000d5800000,0x00000000d5900000,0x00000000d5900000)
  to   space 2048K, 0% used [0x00000000d5900000,0x00000000d5900000,0x00000000d5b00000)
 ParOldGen       total 1252864K, used 1252840K [0x0000000080000000, 0x00000000cc780000, 0x00000000d5580000)
  object space 1252864K, 99% used [0x0000000080000000,0x00000000cc77a2d8,0x00000000cc780000)
 Metaspace       used 107375K, committed 109312K, reserved 1179648K
  class space    used 10462K, committed 11392K, reserved 1048576K
}
Event: 14668.501 GC heap before
{Heap before GC invocations=12026 (full 13):
 PSYoungGen      total 2560K, used 2560K [0x00000000d5580000, 0x00000000d5b00000, 0x0000000100000000)
  eden space 1536K, 100% used [0x00000000d5580000,0x00000000d5700000,0x00000000d5700000)
  from space 1024K, 100% used [0x00000000d5800000,0x00000000d5900000,0x00000000d5900000)
  to   space 2048K, 0% used [0x00000000d5900000,0x00000000d5900000,0x00000000d5b00000)
 ParOldGen       total 1252864K, used 1252840K [0x0000000080000000, 0x00000000cc780000, 0x00000000d5580000)
  object space 1252864K, 99% used [0x0000000080000000,0x00000000cc77a2d8,0x00000000cc780000)
 Metaspace       used 107375K, committed 109312K, reserved 1179648K
  class space    used 10462K, committed 11392K, reserved 1048576K
}
Event: 14668.505 GC heap after
{Heap after GC invocations=12026 (full 13):
 PSYoungGen      total 3584K, used 1440K [0x00000000d5580000, 0x00000000d5a80000, 0x0000000100000000)
  eden space 2048K, 0% used [0x00000000d5580000,0x00000000d5580000,0x00000000d5780000)
  from space 1536K, 93% used [0x00000000d5900000,0x00000000d5a68000,0x00000000d5a80000)
  to   space 1536K, 0% used [0x00000000d5780000,0x00000000d5780000,0x00000000d5900000)
 ParOldGen       total 1253888K, used 1253760K [0x0000000080000000, 0x00000000cc880000, 0x00000000d5580000)
  object space 1253888K, 99% used [0x0000000080000000,0x00000000cc8602d8,0x00000000cc880000)
 Metaspace       used 107375K, committed 109312K, reserved 1179648K
  class space    used 10462K, committed 11392K, reserved 1048576K
}
Event: 14668.511 GC heap before
{Heap before GC invocations=12027 (full 13):
 PSYoungGen      total 3584K, used 3488K [0x00000000d5580000, 0x00000000d5a80000, 0x0000000100000000)
  eden space 2048K, 100% used [0x00000000d5580000,0x00000000d5780000,0x00000000d5780000)
  from space 1536K, 93% used [0x00000000d5900000,0x00000000d5a68000,0x00000000d5a80000)
  to   space 1536K, 0% used [0x00000000d5780000,0x00000000d5780000,0x00000000d5900000)
 ParOldGen       total 1253888K, used 1253760K [0x0000000080000000, 0x00000000cc880000, 0x00000000d5580000)
  object space 1253888K, 99% used [0x0000000080000000,0x00000000cc8602d8,0x00000000cc880000)
 Metaspace       used 107375K, committed 109312K, reserved 1179648K
  class space    used 10462K, committed 11392K, reserved 1048576K
}
Event: 14668.515 GC heap after
{Heap after GC invocations=12027 (full 13):
 PSYoungGen      total 3584K, used 1536K [0x00000000d5580000, 0x00000000d5f00000, 0x0000000100000000)
  eden space 2048K, 0% used [0x00000000d5580000,0x00000000d5580000,0x00000000d5780000)
  from space 1536K, 100% used [0x00000000d5780000,0x00000000d5900000,0x00000000d5900000)
  to   space 3584K, 0% used [0x00000000d5b80000,0x00000000d5b80000,0x00000000d5f00000)
 ParOldGen       total 1255424K, used 1255240K [0x0000000080000000, 0x00000000cca00000, 0x00000000d5580000)
  object space 1255424K, 99% used [0x0000000080000000,0x00000000cc9d22d8,0x00000000cca00000)
 Metaspace       used 107375K, committed 109312K, reserved 1179648K
  class space    used 10462K, committed 11392K, reserved 1048576K
}
Event: 14668.525 GC heap before
{Heap before GC invocations=12028 (full 13):
 PSYoungGen      total 3584K, used 3517K [0x00000000d5580000, 0x00000000d5f00000, 0x0000000100000000)
  eden space 2048K, 96% used [0x00000000d5580000,0x00000000d576f430,0x00000000d5780000)
  from space 1536K, 100% used [0x00000000d5780000,0x00000000d5900000,0x00000000d5900000)
  to   space 3584K, 0% used [0x00000000d5b80000,0x00000000d5b80000,0x00000000d5f00000)
 ParOldGen       total 1255424K, used 1255240K [0x0000000080000000, 0x00000000cca00000, 0x00000000d5580000)
  object space 1255424K, 99% used [0x0000000080000000,0x00000000cc9d22d8,0x00000000cca00000)
 Metaspace       used 107375K, committed 109312K, reserved 1179648K
  class space    used 10462K, committed 11392K, reserved 1048576K
}
Event: 14668.530 GC heap after
{Heap after GC invocations=12028 (full 13):
 PSYoungGen      total 4608K, used 1696K [0x00000000d5580000, 0x00000000d5d80000, 0x0000000100000000)
  eden space 2560K, 0% used [0x00000000d5580000,0x00000000d5580000,0x00000000d5800000)
  from space 2048K, 82% used [0x00000000d5b80000,0x00000000d5d28000,0x00000000d5d80000)
  to   space 2560K, 0% used [0x00000000d5880000,0x00000000d5880000,0x00000000d5b00000)
 ParOldGen       total 1256960K, used 1256816K [0x0000000080000000, 0x00000000ccb80000, 0x00000000d5580000)
  object space 1256960K, 99% used [0x0000000080000000,0x00000000ccb5c2d8,0x00000000ccb80000)
 Metaspace       used 107375K, committed 109312K, reserved 1179648K
  class space    used 10462K, committed 11392K, reserved 1048576K
}
Event: 14668.983 GC heap before
{Heap before GC invocations=12029 (full 13):
 PSYoungGen      total 4608K, used 4256K [0x00000000d5580000, 0x00000000d5d80000, 0x0000000100000000)
  eden space 2560K, 100% used [0x00000000d5580000,0x00000000d5800000,0x00000000d5800000)
  from space 2048K, 82% used [0x00000000d5b80000,0x00000000d5d28000,0x00000000d5d80000)
  to   space 2560K, 0% used [0x00000000d5880000,0x00000000d5880000,0x00000000d5b00000)
 ParOldGen       total 1256960K, used 1256816K [0x0000000080000000, 0x00000000ccb80000, 0x00000000d5580000)
  object space 1256960K, 99% used [0x0000000080000000,0x00000000ccb5c2d8,0x00000000ccb80000)
 Metaspace       used 107375K, committed 109312K, reserved 1179648K
  class space    used 10462K, committed 11392K, reserved 1048576K
}
Event: 14668.986 GC heap after
{Heap after GC invocations=12029 (full 13):
 PSYoungGen      total 5632K, used 2132K [0x00000000d5580000, 0x00000000d5d80000, 0x0000000100000000)
  eden space 3072K, 0% used [0x00000000d5580000,0x00000000d5580000,0x00000000d5880000)
  from space 2560K, 83% used [0x00000000d5880000,0x00000000d5a95200,0x00000000d5b00000)
  to   space 2560K, 0% used [0x00000000d5b00000,0x00000000d5b00000,0x00000000d5d80000)
 ParOldGen       total 1257984K, used 1257952K [0x0000000080000000, 0x00000000ccc80000, 0x00000000d5580000)
  object space 1257984K, 99% used [0x0000000080000000,0x00000000ccc782d8,0x00000000ccc80000)
 Metaspace       used 107375K, committed 109312K, reserved 1179648K
  class space    used 10462K, committed 11392K, reserved 1048576K
}
Event: 14668.992 GC heap before
{Heap before GC invocations=12030 (full 13):
 PSYoungGen      total 5632K, used 5204K [0x00000000d5580000, 0x00000000d5d80000, 0x0000000100000000)
  eden space 3072K, 100% used [0x00000000d5580000,0x00000000d5880000,0x00000000d5880000)
  from space 2560K, 83% used [0x00000000d5880000,0x00000000d5a95200,0x00000000d5b00000)
  to   space 2560K, 0% used [0x00000000d5b00000,0x00000000d5b00000,0x00000000d5d80000)
 ParOldGen       total 1257984K, used 1257952K [0x0000000080000000, 0x00000000ccc80000, 0x00000000d5580000)
  object space 1257984K, 99% used [0x0000000080000000,0x00000000ccc782d8,0x00000000ccc80000)
 Metaspace       used 107375K, committed 109312K, reserved 1179648K
  class space    used 10462K, committed 11392K, reserved 1048576K
}
Event: 14668.996 GC heap after
{Heap after GC invocations=12030 (full 13):
 PSYoungGen      total 5632K, used 576K [0x00000000d5580000, 0x00000000d5c80000, 0x0000000100000000)
  eden space 4096K, 0% used [0x00000000d5580000,0x00000000d5580000,0x00000000d5980000)
  from space 1536K, 37% used [0x00000000d5b00000,0x00000000d5b90000,0x00000000d5c80000)
  to   space 1536K, 0% used [0x00000000d5980000,0x00000000d5980000,0x00000000d5b00000)
 ParOldGen       total 1260032K, used 1259835K [0x0000000080000000, 0x00000000cce80000, 0x00000000d5580000)
  object space 1260032K, 99% used [0x0000000080000000,0x00000000cce4ed48,0x00000000cce80000)
 Metaspace       used 107375K, committed 109312K, reserved 1179648K
  class space    used 10462K, committed 11392K, reserved 1048576K
}
Event: 14669.007 GC heap before
{Heap before GC invocations=12031 (full 13):
 PSYoungGen      total 5632K, used 4672K [0x00000000d5580000, 0x00000000d5c80000, 0x0000000100000000)
  eden space 4096K, 100% used [0x00000000d5580000,0x00000000d5980000,0x00000000d5980000)
  from space 1536K, 37% used [0x00000000d5b00000,0x00000000d5b90000,0x00000000d5c80000)
  to   space 1536K, 0% used [0x00000000d5980000,0x00000000d5980000,0x00000000d5b00000)
 ParOldGen       total 1260032K, used 1259835K [0x0000000080000000, 0x00000000cce80000, 0x00000000d5580000)
  object space 1260032K, 99% used [0x0000000080000000,0x00000000cce4ed48,0x00000000cce80000)
 Metaspace       used 107375K, committed 109312K, reserved 1179648K
  class space    used 10462K, committed 11392K, reserved 1048576K
}
Event: 14669.010 GC heap after
{Heap after GC invocations=12031 (full 13):
 PSYoungGen      total 5632K, used 522K [0x00000000d5580000, 0x00000000d5c80000, 0x0000000100000000)
  eden space 4096K, 0% used [0x00000000d5580000,0x00000000d5580000,0x00000000d5980000)
  from space 1536K, 34% used [0x00000000d5980000,0x00000000d5a02910,0x00000000d5b00000)
  to   space 1024K, 0% used [0x00000000d5b80000,0x00000000d5b80000,0x00000000d5c80000)
 ParOldGen       total 1260032K, used 1259866K [0x0000000080000000, 0x00000000cce80000, 0x00000000d5580000)
  object space 1260032K, 99% used [0x0000000080000000,0x00000000cce56980,0x00000000cce80000)
 Metaspace       used 107375K, committed 109312K, reserved 1179648K
  class space    used 10462K, committed 11392K, reserved 1048576K
}

